[    0.000000] Initializing cgroup subsys cpuset
[    0.000000] Initializing cgroup subsys cpu
[    0.000000] Initializing cgroup subsys cpuacct
[    0.000000] Linux version 4.4.0-77-generic (buildd@lgw01-53) (gcc version 5.4.0 20160609 (Ubuntu 5.4.0-6ubuntu1~16.04.4) ) #98-Ubuntu SMP Wed Apr 26 08:33:44 UTC 2017 (Ubuntu 4.4.0-77.98-generic 4.4.59)
[    0.000000] KERNEL supported cpus:
[    0.000000]   Intel GenuineIntel
[    0.000000]   AMD AuthenticAMD
[    0.000000]   NSC Geode by NSC
[    0.000000]   Cyrix CyrixInstead
[    0.000000]   Centaur CentaurHauls
[    0.000000]   Transmeta GenuineTMx86
[    0.000000]   Transmeta TransmetaCPU
[    0.000000]   UMC UMC UMC UMC
[    0.000000] x86/fpu: xstate_offset[2]:  576, xstate_sizes[2]:  256
[    0.000000] x86/fpu: Supporting XSAVE feature 0x01: 'x87 floating point registers'
[    0.000000] x86/fpu: Supporting XSAVE feature 0x02: 'SSE registers'
[    0.000000] x86/fpu: Supporting XSAVE feature 0x04: 'AVX registers'
[    0.000000] x86/fpu: Enabled xstate features 0x7, context size is 832 bytes, using 'standard' format.
[    0.000000] x86/fpu: Using 'lazy' FPU context switches.
[    0.000000] e820: BIOS-provided physical RAM map:
[    0.000000] BIOS-e820: [mem 0x0000000000000000-0x000000000009fbff] usable
[    0.000000] BIOS-e820: [mem 0x000000000009fc00-0x000000000009ffff] reserved
[    0.000000] BIOS-e820: [mem 0x00000000000f0000-0x00000000000fffff] reserved
[    0.000000] BIOS-e820: [mem 0x0000000000100000-0x000000003ffeffff] usable
[    0.000000] BIOS-e820: [mem 0x000000003fff0000-0x000000003fffffff] ACPI data
[    0.000000] BIOS-e820: [mem 0x00000000fec00000-0x00000000fec00fff] reserved
[    0.000000] BIOS-e820: [mem 0x00000000fee00000-0x00000000fee00fff] reserved
[    0.000000] BIOS-e820: [mem 0x00000000fffc0000-0x00000000ffffffff] reserved
[    0.000000] NX (Execute Disable) protection: active
[    0.000000] SMBIOS 2.5 present.
[    0.000000] Hypervisor detected: KVM
[    0.000000] e820: last_pfn = 0x3fff0 max_arch_pfn = 0x1000000
[    0.000000] MTRR: Disabled
[    0.000000] x86/PAT: MTRRs disabled, skipping PAT initialization too.
[    0.000000] x86/PAT: Configuration [0-7]: WB  WT  UC- UC  WB  WT  UC- UC  
[    0.000000] CPU MTRRs all blank - virtualized system.
[    0.000000] found SMP MP-table at [mem 0x0009fff0-0x0009ffff] mapped at [c009fff0]
[    0.000000] Scanning 1 areas for low memory corruption
[    0.000000] RAMDISK: [mem 0x36ae4000-0x37569fff]
[    0.000000] ACPI: Early table checksum verification disabled
[    0.000000] ACPI: RSDP 0x00000000000E0000 000024 (v02 VBOX  )
[    0.000000] ACPI: XSDT 0x000000003FFF0030 00003C (v01 VBOX   VBOXXSDT 00000001 ASL  00000061)
[    0.000000] ACPI: FACP 0x000000003FFF00F0 0000F4 (v04 VBOX   VBOXFACP 00000001 ASL  00000061)
[    0.000000] ACPI: DSDT 0x000000003FFF0470 0021C8 (v02 VBOX   VBOXBIOS 00000002 INTL 20100528)
[    0.000000] ACPI: FACS 0x000000003FFF0200 000040
[    0.000000] ACPI: FACS 0x000000003FFF0200 000040
[    0.000000] ACPI: APIC 0x000000003FFF0240 00005C (v02 VBOX   VBOXAPIC 00000001 ASL  00000061)
[    0.000000] ACPI: SSDT 0x000000003FFF02A0 0001CC (v01 VBOX   VBOXCPUT 00000002 INTL 20100528)
[    0.000000] 131MB HIGHMEM available.
[    0.000000] 891MB LOWMEM available.
[    0.000000]   mapped low ram: 0 - 37bfe000
[    0.000000]   low ram: 0 - 37bfe000
[    0.000000] kvm-clock: Using msrs 4b564d01 and 4b564d00
[    0.000000] kvm-clock: cpu 0, msr 0:37bfd001, primary cpu clock
[    0.000000] kvm-clock: using sched offset of 3808572416 cycles
[    0.000000] clocksource: kvm-clock: mask: 0xffffffffffffffff max_cycles: 0x1cd42e4dffb, max_idle_ns: 881590591483 ns
[    0.000000] Zone ranges:
[    0.000000]   DMA      [mem 0x0000000000001000-0x0000000000ffffff]
[    0.000000]   Normal   [mem 0x0000000001000000-0x0000000037bfdfff]
[    0.000000]   HighMem  [mem 0x0000000037bfe000-0x000000003ffeffff]
[    0.000000] Movable zone start for each node
[    0.000000] Early memory node ranges
[    0.000000]   node   0: [mem 0x0000000000001000-0x000000000009efff]
[    0.000000]   node   0: [mem 0x0000000000100000-0x000000003ffeffff]
[    0.000000] Initmem setup node 0 [mem 0x0000000000001000-0x000000003ffeffff]
[    0.000000] Using APIC driver default
[    0.000000] ACPI: PM-Timer IO Port: 0x4008
[    0.000000] IOAPIC[0]: apic_id 2, version 32, address 0xfec00000, GSI 0-23
[    0.000000] ACPI: INT_SRC_OVR (bus 0 bus_irq 0 global_irq 2 dfl dfl)
[    0.000000] ACPI: INT_SRC_OVR (bus 0 bus_irq 9 global_irq 9 high level)
[    0.000000] Using ACPI (MADT) for SMP configuration information
[    0.000000] smpboot: Allowing 2 CPUs, 0 hotplug CPUs
[    0.000000] PM: Registered nosave memory: [mem 0x00000000-0x00000fff]
[    0.000000] PM: Registered nosave memory: [mem 0x0009f000-0x0009ffff]
[    0.000000] PM: Registered nosave memory: [mem 0x000a0000-0x000effff]
[    0.000000] PM: Registered nosave memory: [mem 0x000f0000-0x000fffff]
[    0.000000] e820: [mem 0x40000000-0xfebfffff] available for PCI devices
[    0.000000] Booting paravirtualized kernel on KVM
[    0.000000] clocksource: refined-jiffies: mask: 0xffffffff max_cycles: 0xffffffff, max_idle_ns: 7645519600211568 ns
[    0.000000] setup_percpu: NR_CPUS:8 nr_cpumask_bits:8 nr_cpu_ids:2 nr_node_ids:1
[    0.000000] PERCPU: Embedded 19 pages/cpu @f76b0000 s47436 r0 d30388 u77824
[    0.000000] PV qspinlock hash table entries: 512 (order: 0, 4096 bytes)
[    0.000000] Built 1 zonelists in Zone order, mobility grouping on.  Total pages: 259800
[    0.000000] Kernel command line: BOOT_IMAGE=/boot/vmlinuz-4.4.0-77-generic root=LABEL=cloudimg-rootfs ro console=tty1 console=ttyS0
[    0.000000] PID hash table entries: 4096 (order: 2, 16384 bytes)
[    0.000000] Dentry cache hash table entries: 131072 (order: 7, 524288 bytes)
[    0.000000] Inode-cache hash table entries: 65536 (order: 6, 262144 bytes)
[    0.000000] Initializing CPU#0
[    0.000000] Initializing HighMem for node 0 (00037bfe:0003fff0)
[    0.000000] Initializing Movable for node 0 (00000000:00000000)
[    0.000000] Memory: 1012192K/1048120K available (7928K kernel code, 770K rwdata, 3164K rodata, 940K init, 800K bss, 35928K reserved, 0K cma-reserved, 135112K highmem)
[    0.000000] virtual kernel memory layout:
[    0.000000]     fixmap  : 0xfff15000 - 0xfffff000   ( 936 kB)
[    0.000000]     pkmap   : 0xffc00000 - 0xffe00000   (2048 kB)
[    0.000000]     vmalloc : 0xf83fe000 - 0xffbfe000   ( 120 MB)
[    0.000000]     lowmem  : 0xc0000000 - 0xf7bfe000   ( 891 MB)
[    0.000000]       .init : 0xc1b99000 - 0xc1c84000   ( 940 kB)
[    0.000000]       .data : 0xc17be50b - 0xc1b97b40   (3941 kB)
[    0.000000]       .text : 0xc1000000 - 0xc17be50b   (7929 kB)
[    0.000000] Checking if this processor honours the WP bit even in supervisor mode...Ok.
[    0.000000] SLUB: HWalign=64, Order=0-3, MinObjects=0, CPUs=2, Nodes=1
[    0.000000] Hierarchical RCU implementation.
[    0.000000] 	Build-time adjustment of leaf fanout to 32.
[    0.000000] 	RCU restricting CPUs from NR_CPUS=8 to nr_cpu_ids=2.
[    0.000000] RCU: Adjusting geometry for rcu_fanout_leaf=32, nr_cpu_ids=2
[    0.000000] NR_IRQS:2304 nr_irqs:440 16
[    0.000000] Console: colour VGA+ 80x25
[    0.000000] console [tty1] enabled
[    0.000000] console [ttyS0] enabled
[    0.000000] allocated 1048576 bytes of page_ext
[    0.000000] tsc: Detected 2494.334 MHz processor
[    6.609718] Calibrating delay loop (skipped) preset value.. 4988.66 BogoMIPS (lpj=9977336)
[    6.736405] pid_max: default: 32768 minimum: 301
[    6.737547] ACPI: Core revision 20150930
[    6.773878] ACPI: 2 ACPI AML tables successfully acquired and loaded
[    6.895837] Security Framework initialized
[    6.947751] Yama: becoming mindful.
[    6.948746] AppArmor: AppArmor initialized
[    6.984754] Mount-cache hash table entries: 2048 (order: 1, 8192 bytes)
[    6.998515] Mountpoint-cache hash table entries: 2048 (order: 1, 8192 bytes)
[    7.006046] Initializing cgroup subsys io
[    7.016318] Initializing cgroup subsys memory
[    7.036985] Initializing cgroup subsys devices
[    7.128167] Initializing cgroup subsys freezer
[    7.208787] Initializing cgroup subsys net_cls
[    7.301941] Initializing cgroup subsys perf_event
[    7.377597] Initializing cgroup subsys net_prio
[    7.488457] Initializing cgroup subsys hugetlb
[    7.612004] Initializing cgroup subsys pids
[    7.679680] CPU: Physical Processor ID: 0
[    7.736826] CPU: Processor Core ID: 0
[    7.824306] mce: CPU supports 0 MCE banks
[    7.914220] Last level iTLB entries: 4KB 512, 2MB 8, 4MB 8
[    8.037876] Last level dTLB entries: 4KB 512, 2MB 32, 4MB 32, 1GB 0
[    8.054358] Freeing SMP alternatives memory: 28K (c1c84000 - c1c8b000)
[    8.078567] ftrace: allocating 31398 entries in 62 pages
[    8.197232] smpboot: APIC(0) Converting physical 0 to logical package 0
[    8.340186] smpboot: Max logical packages: 1
[    8.454133] Enabling APIC mode:  Flat.  Using 1 I/O APICs
[    8.564774] ..TIMER: vector=0x30 apic1=0 pin1=2 apic2=-1 pin2=-1
[    8.836266] smpboot: CPU0: Intel(R) Core(TM) i7-3537U CPU @ 2.00GHz (family: 0x6, model: 0x3a, stepping: 0x9)
[    8.979567] Performance Events: unsupported p6 CPU model 58 no PMU driver, software events only.
[    9.009562] KVM setup paravirtual spinlock
[    9.085726] x86: Booting SMP configuration:
[    9.114677] .... node  #0, CPUs:      #1
[1266874885.900979] Initializing CPU#1
[    9.154676] kvm-clock: cpu 1, msr 0:37bfd041, secondary cpu clock
[    9.156603] mce: CPU supports 0 MCE banks
[    9.162499] x86: Booted up 1 node, 2 CPUs
[    9.212717] smpboot: Total of 2 processors activated (9977.33 BogoMIPS)
[    9.381515] devtmpfs: initialized
[    9.476691] evm: security.selinux
[    9.574751] evm: security.SMACK64
[    9.654294] evm: security.SMACK64EXEC
[    9.702695] evm: security.SMACK64TRANSMUTE
[    9.769083] evm: security.SMACK64MMAP
[    9.844953] evm: security.ima
[    9.934185] evm: security.capability
[    9.977459] clocksource: jiffies: mask: 0xffffffff max_cycles: 0xffffffff, max_idle_ns: 7645041785100000 ns
[   10.152348] futex hash table entries: 512 (order: 3, 32768 bytes)
[   10.186532] pinctrl core: initialized pinctrl subsystem
[   10.200023] RTC time: 21:32:33, date: 05/08/17
[   10.241633] NET: Registered protocol family 16
[   10.298102] EISA bus registered
[   10.374266] cpuidle: using governor ladder
[   10.430378] cpuidle: using governor menu
[   10.464852] PCCT header not found.
[   10.525373] ACPI: bus type PCI registered
[   10.582410] acpiphp: ACPI Hot Plug PCI Controller Driver version: 0.5
[   10.741991] PCI : PCI BIOS area is rw and x. Use pci=nobios if you want it NX.
[   10.797960] PCI: PCI BIOS revision 2.10 entry at 0xfda26, last bus=0
[   10.839906] PCI: Using configuration type 1 for base access
[   10.933822] ACPI: Added _OSI(Module Device)
[   10.982619] ACPI: Added _OSI(Processor Device)
[   11.090570] ACPI: Added _OSI(3.0 _SCP Extensions)
[   11.185736] ACPI: Added _OSI(Processor Aggregator Device)
[   11.258264] ACPI: Executed 1 blocks of module-level executable AML code
[   11.308994] ACPI: Interpreter enabled
[   11.317164] ACPI: (supports S0 S5)
[   11.354112] ACPI: Using IOAPIC for interrupt routing
[   11.452615] PCI: Using host bridge windows from ACPI; if necessary, use "pci=nocrs" and report a bug
[   11.603551] ACPI: PCI Root Bridge [PCI0] (domain 0000 [bus 00-ff])
[   11.774606] acpi PNP0A03:00: _OSC: OS supports [ASPM ClockPM Segments MSI]
[   11.919257] acpi PNP0A03:00: _OSC failed (AE_NOT_FOUND); disabling ASPM
[   12.129864] acpi PNP0A03:00: fail to add MMCONFIG information, can't access extended PCI configuration space under this bridge.
[   12.289433] PCI host bridge to bus 0000:00
[   12.321202] pci_bus 0000:00: root bus resource [io  0x0000-0x0cf7 window]
[   12.330252] pci_bus 0000:00: root bus resource [io  0x0d00-0xffff window]
[   12.369980] pci_bus 0000:00: root bus resource [mem 0x000a0000-0x000bffff window]
[   12.474494] pci_bus 0000:00: root bus resource [mem 0x40000000-0xffdfffff window]
[   12.639587] pci_bus 0000:00: root bus resource [bus 00-ff]
[   12.691023] pci 0000:00:01.1: legacy IDE quirk: reg 0x10: [io  0x01f0-0x01f7]
[   12.702044] pci 0000:00:01.1: legacy IDE quirk: reg 0x14: [io  0x03f6]
[   12.765537] pci 0000:00:01.1: legacy IDE quirk: reg 0x18: [io  0x0170-0x0177]
[   12.972121] pci 0000:00:01.1: legacy IDE quirk: reg 0x1c: [io  0x0376]
[   13.076724] pci 0000:00:07.0: quirk: [io  0x4000-0x403f] claimed by PIIX4 ACPI
[   13.211190] pci 0000:00:07.0: quirk: [io  0x4100-0x410f] claimed by PIIX4 SMB
[   13.316804] ACPI: PCI Interrupt Link [LNKA] (IRQs 5 9 10 *11)
[   13.404717] ACPI: PCI Interrupt Link [LNKB] (IRQs 5 9 10 *11)
[   13.424993] ACPI: PCI Interrupt Link [LNKC] (IRQs 5 9 *10 11)
[   13.479574] ACPI: PCI Interrupt Link [LNKD] (IRQs 5 *9 10 11)
[   13.584069] ACPI: Enabled 2 GPEs in block 00 to 07
[   13.670426] vgaarb: setting as boot device: PCI:0000:00:02.0
[   13.827032] vgaarb: device added: PCI:0000:00:02.0,decodes=io+mem,owns=io+mem,locks=none
[   13.977975] vgaarb: loaded
[   14.033661] vgaarb: bridge control possible 0000:00:02.0
[   14.136648] SCSI subsystem initialized
[   14.216347] ACPI: bus type USB registered
[   14.263946] usbcore: registered new interface driver usbfs
[   14.432599] usbcore: registered new interface driver hub
[   14.453405] usbcore: registered new device driver usb
[   14.496130] PCI: Using ACPI for IRQ routing
[   14.518373] NetLabel: Initializing
[   14.550013] NetLabel:  domain hash size = 128
[   14.561795] NetLabel:  protocols = UNLABELED CIPSOv4
[   14.562859] NetLabel:  unlabeled traffic allowed by default
[   14.564210] amd_nb: Cannot enumerate AMD northbridges
[   14.617524] clocksource: Switched to clocksource kvm-clock
[   14.689190] AppArmor: AppArmor Filesystem Enabled
[   14.807472] pnp: PnP ACPI init
[   14.916049] pnp: PnP ACPI: found 3 devices
[   15.014017] PnPBIOS: Disabled by ACPI PNP
[   15.140008] clocksource: acpi_pm: mask: 0xffffff max_cycles: 0xffffff, max_idle_ns: 2085701024 ns
[   15.213353] NET: Registered protocol family 2
[   15.214738] TCP established hash table entries: 8192 (order: 3, 32768 bytes)
[   15.405945] TCP bind hash table entries: 8192 (order: 4, 65536 bytes)
[   15.532827] TCP: Hash tables configured (established 8192 bind 8192)
[   15.542546] UDP hash table entries: 512 (order: 2, 16384 bytes)
[   15.544281] UDP-Lite hash table entries: 512 (order: 2, 16384 bytes)
[   15.546187] NET: Registered protocol family 1
[   15.547386] pci 0000:00:00.0: Limiting direct PCI/PCI transfers
[   15.552667] pci 0000:00:01.0: Activating ISA DMA hang workarounds
[   15.578026] Unpacking initramfs...
[   17.448806] Freeing initrd memory: 10776K (f6ae4000 - f756a000)
[   17.533868] RAPL PMU detected, API unit is 2^-32 Joules, 3 fixed counters 10737418240 ms ovfl timer
[   17.649935] hw unit of domain pp0-core 2^-0 Joules
[   17.651167] hw unit of domain package 2^-0 Joules
[   17.652400] hw unit of domain pp1-gpu 2^-0 Joules
[   17.655135] platform rtc_cmos: registered platform RTC device (no PNP device found)
[   17.665719] Scanning for low memory corruption every 60 seconds
[   17.669069] audit: initializing netlink subsys (disabled)
[   17.701698] audit: type=2000 audit(1494279151.871:1): initialized
[   17.707239] Initialise system trusted keyring
[   17.716687] HugeTLB registered 2 MB page size, pre-allocated 0 pages
[   17.727245] zbud: loaded
[   17.783290] VFS: Disk quotas dquot_6.6.0
[   17.875413] VFS: Dquot-cache hash table entries: 1024 (order 0, 4096 bytes)
[   17.955418] squashfs: version 4.0 (2009/01/31) Phillip Lougher
[   18.106407] fuse init (API version 7.23)
[   18.129177] Key type big_key registered
[   18.169051] Allocating IMA MOK and blacklist keyrings.
[   18.294679] Key type asymmetric registered
[   18.297135] Asymmetric key parser 'x509' registered
[   18.298215] bounce: pool size: 64 pages
[   18.299105] Block layer SCSI generic (bsg) driver version 0.4 loaded (major 249)
[   18.300831] io scheduler noop registered
[   18.339376] io scheduler deadline registered (default)
[   18.397832] io scheduler cfq registered
[   18.454667] pci_hotplug: PCI Hot Plug PCI Core version: 0.5
[   18.595803] pciehp: PCI Express Hot Plug Controller Driver version: 0.4
[   18.727194] tsc: Refined TSC clocksource calibration: 2493.092 MHz
[   18.731322] clocksource: tsc: mask: 0xffffffffffffffff max_cycles: 0x23efbc516dc, max_idle_ns: 440795322800 ns
[   18.731549] ACPI: AC Adapter [AC] (on-line)
[   18.731620] input: Power Button as /devices/LNXSYSTM:00/LNXPWRBN:00/input/input0
[   18.731623] ACPI: Power Button [PWRF]
[   18.731712] input: Sleep Button as /devices/LNXSYSTM:00/LNXSLPBN:00/input/input1
[   18.731714] ACPI: Sleep Button [SLPF]
[   18.796704] GHES: HEST is not enabled!
[   18.797439] ACPI: Battery Slot [BAT0] (battery present)
[   19.046123] isapnp: Scanning for PnP cards...
[   19.133511] Serial: 8250/16550 driver, 32 ports, IRQ sharing enabled
[   19.174630] 00:02: ttyS0 at I/O 0x3f8 (irq = 4, base_baud = 115200) is a 16550A
[   19.274810] Linux agpgart interface v0.103
[   19.298739] loop: module loaded
[   19.322508] scsi host0: ata_piix
[   19.353445] scsi host1: ata_piix
[   19.426702] ata1: PATA max UDMA/33 cmd 0x1f0 ctl 0x3f6 bmdma 0xd000 irq 14
[   19.442677] ata2: PATA max UDMA/33 cmd 0x170 ctl 0x376 bmdma 0xd008 irq 15
[   19.444352] libphy: Fixed MDIO Bus: probed
[   19.445423] tun: Universal TUN/TAP device driver, 1.6
[   19.446709] tun: (C) 1999-2004 Max Krasnyansky <maxk@qualcomm.com>
[   19.448212] PPP generic driver version 2.4.2
[   19.449360] ehci_hcd: USB 2.0 'Enhanced' Host Controller (EHCI) Driver
[   19.450926] ehci-pci: EHCI PCI platform driver
[   19.452060] ehci-platform: EHCI generic platform driver
[   19.453333] ohci_hcd: USB 1.1 'Open' Host Controller (OHCI) Driver
[   19.454845] ohci-pci: OHCI PCI platform driver
[   19.455992] ohci-platform: OHCI generic platform driver
[   19.457335] uhci_hcd: USB Universal Host Controller Interface driver
[   19.458936] i8042: PNP: PS/2 Controller [PNP0303:PS2K,PNP0f03:PS2M] at 0x60,0x64 irq 1,12
[   19.461764] serio: i8042 KBD port at 0x60,0x64 irq 1
[   19.462997] serio: i8042 AUX port at 0x60,0x64 irq 12
[   19.464331] mousedev: PS/2 mouse device common for all mice
[   19.466515] input: AT Translated Set 2 keyboard as /devices/platform/i8042/serio0/input/input2
[   19.483417] rtc_cmos rtc_cmos: rtc core: registered rtc_cmos as rtc0
[   19.484964] rtc_cmos rtc_cmos: alarms up to one day, 114 bytes nvram
[   19.486507] i2c /dev entries driver
[   19.487502] device-mapper: uevent: version 1.0.3
[   19.488724] device-mapper: ioctl: 4.34.0-ioctl (2015-10-28) initialised: dm-devel@redhat.com
[   19.489780] isapnp: No Plug & Play device found
[   19.615401] platform eisa.0: Probing EISA bus 0
[   19.686611] platform eisa.0: EISA: Cannot allocate resource for mainboard
[   19.803710] platform eisa.0: Cannot allocate resource for EISA slot 1
[   19.819274] platform eisa.0: Cannot allocate resource for EISA slot 2
[   19.828960] platform eisa.0: Cannot allocate resource for EISA slot 3
[   19.830595] platform eisa.0: Cannot allocate resource for EISA slot 4
[   19.860979] platform eisa.0: Cannot allocate resource for EISA slot 5
[   19.880410] platform eisa.0: Cannot allocate resource for EISA slot 6
[   19.886992] platform eisa.0: Cannot allocate resource for EISA slot 7
[   19.933461] platform eisa.0: Cannot allocate resource for EISA slot 8
[   19.945385] platform eisa.0: EISA: Detected 0 cards
[   19.946482] cpufreq-nforce2: No nForce2 chipset.
[   19.947448] ledtrig-cpu: registered to indicate activity on CPUs
[   19.948858] NET: Registered protocol family 10
[   20.010187] NET: Registered protocol family 17
[   20.109397] Key type dns_resolver registered
[   20.190989] microcode: CPU0 sig=0x306a9, pf=0x2, revision=0x19
[   20.202307] microcode: CPU1 sig=0x306a9, pf=0x2, revision=0x19
[   20.203770] microcode: Microcode Update Driver: v2.01 <tigran@aivazian.fsnet.co.uk>, Peter Oruba
[   20.235895] Using IPI No-Shortcut mode
[   20.253412] registered taskstats version 1
[   20.330846] Loading compiled-in X.509 certificates
[   20.418023] Loaded X.509 cert 'Build time autogenerated kernel key: 42ed22459aa700f8082e342aa29c56ea5a58936f'
[   20.588451] zswap: loaded using pool lzo/zbud
[   20.607502] Key type trusted registered
[   20.659081] Key type encrypted registered
[   20.734135] AppArmor: AppArmor sha1 policy hashing enabled
[   20.874357] ima: No TPM chip found, activating TPM-bypass!
[   20.881881] evm: HMAC attrs: 0x1
[   20.896683]   Magic number: 1:301:550
[   20.922261] tty ttyS26: hash matches
[   20.976400] clockevents clockevent1: hash matches
[   20.992341] acpi PNP0C0F:01: hash matches
[   20.993245] rtc_cmos rtc_cmos: setting system clock to 2017-05-08 21:32:43 UTC (1494279163)
[   21.077954] BIOS EDD facility v0.16 2004-Jun-25, 0 devices found
[   21.204281] EDD information not available.
[   21.219167] Freeing unused kernel memory: 940K (c1b99000 - c1c84000)
[   21.371645] Write protecting the kernel text: 7932k
[   21.504837] Write protecting the kernel read-only data: 3168k
[   21.657577] NX-protecting the kernel data: 6404k
Loading, please wait...
starting version[   21.739030] random: systemd-udevd: uninitialized urandom read (16 bytes read, 1 bits of entropy available)
 229
[   21.739699] random: udevadm: uninitialized urandom read (16 bytes read, 1 bits of entropy available)
[   21.739740] random: udevadm: uninitialized urandom read (16 bytes read, 1 bits of entropy available)
[   21.739880] random: udevadm: uninitialized urandom read (16 bytes read, 1 bits of entropy available)
[   21.739932] random: udevadm: uninitialized urandom read (16 bytes read, 1 bits of entropy available)
[   21.739980] random: udevadm: uninitialized urandom read (16 bytes read, 1 bits of entropy available)
[   21.740035] random: udevadm: uninitialized urandom read (16 bytes read, 1 bits of entropy available)
[   21.740086] random: udevadm: uninitialized urandom read (16 bytes read, 1 bits of entropy available)
[   21.740173] random: udevadm: uninitialized urandom read (16 bytes read, 1 bits of entropy available)
[   21.740226] random: udevadm: uninitialized urandom read (16 bytes read, 1 bits of entropy available)
[   23.108157] e1000: Intel(R) PRO/1000 Network Driver - version 7.3.21-k8-NAPI
[   23.130790] e1000: Copyright (c) 1999-2006 Intel Corporation.
[   23.134096] Fusion MPT base driver 3.04.20
[   23.165843] Copyright (c) 1999-2008 LSI Corporation
[   23.208925] Fusion MPT SPI Host driver 3.04.20
[   23.375645] input: ImExPS/2 Generic Explorer Mouse as /devices/platform/i8042/serio1/input/input4
[   23.518124] e1000 0000:00:03.0 eth0: (PCI:33MHz:32-bit) 02:3e:d3:d5:ac:89
[   23.613018] e1000 0000:00:03.0 eth0: Intel(R) PRO/1000 Network Connection
[   23.756785] e1000 0000:00:03.0 enp0s3: renamed from eth0
[   23.760002] mptbase: ioc0: Initiating bringup
[   23.826639] ioc0: LSI53C1030 A0: Capabilities={Initiator}
[   24.083063] scsi host2: ioc0: LSI53C1030 A0, FwRev=00000000h, Ports=1, MaxQ=256, IRQ=20
[   24.206231] scsi 2:0:0:0: Direct-Access     VBOX     HARDDISK         1.0  PQ: 0 ANSI: 5
[   24.260232] scsi target2:0:0: Beginning Domain Validation
[   24.264326] scsi target2:0:0: Domain Validation skipping write tests
[   24.272397] scsi target2:0:0: Ending Domain Validation
[   24.433433] scsi target2:0:0: asynchronous
[   24.556220] scsi 2:0:1:0: Direct-Access     VBOX     HARDDISK         1.0  PQ: 0 ANSI: 5
[   24.735979] scsi target2:0:1: Beginning Domain Validation
[   24.902150] scsi target2:0:1: Domain Validation skipping write tests
[   24.998582] scsi target2:0:1: Ending Domain Validation
[   25.130178] scsi target2:0:1: asynchronous
[   25.162111] sd 2:0:0:0: [sda] 20971520 512-byte logical blocks: (10.7 GB/10.0 GiB)
[   25.162245] sd 2:0:0:0: Attached scsi generic sg0 type 0
[   25.162875] sd 2:0:1:0: [sdb] 20480 512-byte logical blocks: (10.5 MB/10.0 MiB)
[   25.163054] sd 2:0:1:0: [sdb] Write Protect is off
[   25.163321] sd 2:0:1:0: Attached scsi generic sg1 type 0
[   25.163527] sd 2:0:1:0: [sdb] Incomplete mode parameter data
[   25.163529] sd 2:0:1:0: [sdb] Assuming drive cache: write through
[   25.214173] sd 2:0:1:0: [sdb] Attached SCSI disk
[   25.387340] sd 2:0:0:0: [sda] Write Protect is off
[   25.490435] sd 2:0:0:0: [sda] Incomplete mode parameter data
[   25.597937] sd 2:0:0:0: [sda] Assuming drive cache: write through
[   25.676251]  sda: sda1
[   25.750013] sd 2:0:0:0: [sda] Attached SCSI disk
[   26.134710] floppy0: no floppy controllers found
Begin: Loading e[   27.586664] md: linear personality registered for level -1
ssential drivers ... [   27.680855] md: multipath personality registered for level -4
[   27.761178] md: raid0 personality registered for level 0
[   27.820770] md: raid1 personality registered for level 1
[   27.929651] raid6: mmxx1    gen()  4586 MB/s
[   28.057537] raid6: mmxx2    gen()  5208 MB/s
[   28.177591] raid6: sse1x1   gen()  4069 MB/s
[   28.301657] raid6: sse1x2   gen()  5004 MB/s
[   28.426402] raid6: sse2x1   gen()  7545 MB/s
[   28.509543] raid6: sse2x1   xor()  6310 MB/s
[   28.702212] raid6: sse2x2   gen() 10294 MB/s
[   28.877711] raid6: sse2x2   xor()  7278 MB/s
[   28.928305] raid6: using algorithm sse2x2 gen() 10294 MB/s
[   29.039030] raid6: .... xor() 7278 MB/s, rmw enabled
[   29.176193] raid6: using ssse3x1 recovery algorithm
[   29.282919] xor: automatically using best checksumming function:
[   29.401893]    avx       : 18487.000 MB/sec
[   29.420430] async_tx: api initialized (async)
[   29.473996] md: raid6 personality registered for level 6
[   29.484000] md: raid5 personality registered for level 5
[   29.511183] md: raid4 personality registered for level 4
[   29.593218] md: raid10 personality registered for level 10
done.
Begin: Running /scripts/init-premount ... done.
Begin: Mounting root file sys[   29.717143] Btrfs loaded
tem ... Begin: Running /scripts/local-top ... done.
Begin: Running /scripts/local-premount ... Scanning for Btr[   29.768045] EXT4-fs (sda1): INFO: recovery required on readonly filesystem
fs filesystems
done.
Warning: [   29.836891] EXT4-fs (sda1): write access will be enabled during recovery
fsck not present, so skipping root file system
[   30.190791] EXT4-fs (sda1): recovery complete
[   30.344446] EXT4-fs (sda1): mounted filesystem with ordered data mode. Opts: (null)
done.
Begin: Running /scripts/local-bottom ... done.
Begin: Running /scripts/init-bottom ... done.
[   30.826695] random: nonblocking pool is initialized
[   31.776626] systemd[1]: systemd 229 running in system mode. (+PAM +AUDIT +SELINUX +IMA +APPARMOR +SMACK +SYSVINIT +UTMP +LIBCRYPTSETUP +GCRYPT +GNUTLS +ACL +XZ -LZ4 +SECCOMP +BLKID +ELFUTILS +KMOD -IDN)
[   32.087099] systemd[1]: Detected virtualization oracle.
[   32.167660] systemd[1]: Detected architecture x86.

Welcome to [1mUbuntu 16.04.2 LTS[0m!

[   32.351669] systemd[1]: Set hostname to <ubuntu-xenial>.
[   34.186597] systemd[1]: Listening on LVM2 metadata daemon socket.
[[0;32m  OK  [0m] Listening on LVM2 metadata daemon socket.
[   34.369844] systemd[1]: Listening on udev Kernel Socket.
[[0;32m  OK  [0m] Listening on udev Kernel Socket.
[   34.546232] systemd[1]: Created slice System Slice.
[[0;32m  OK  [0m] Created slice System Slice.
[   34.681683] systemd[1]: Started Forward Password Requests to Wall Directory Watch.
[[0;32m  OK  [0m] Started Forward Password Requests to Wall Directory Watch.
[   34.852335] systemd[1]: Listening on Journal Socket.
[[0;32m  OK  [0m] Listening on Journal Socket.
[   35.090364] systemd[1]: Mounting Huge Pages File System...
         Mounting Huge Pages File System...
[   35.218545] systemd[1]: Starting Create list of required static device nodes for the current kernel...
         Starting Create list of required st... nodes for the current kernel...
[   35.439036] systemd[1]: Created slice system-postgresql.slice.
[[0;32m  OK  [0m] Created slice system-postgresql.slice.
[   35.733817] systemd[1]: Mounting POSIX Message Queue File System...
         Mounting POSIX Message Queue File System...
[   35.910692] systemd[1]: Created slice User and Session Slice.
[[0;32m  OK  [0m] Created slice User and Session Slice.
[   36.022269] systemd[1]: Reached target Slices.
[[0;32m  OK  [0m] Reached target Slices.
[   36.218213] systemd[1]: Listening on udev Control Socket.
[[0;32m  OK  [0m] Listening on udev Control Socket.
[   36.425992] systemd[1]: Listening on Syslog Socket.
[[0;32m  OK  [0m] Listening on Syslog Socket.
[   36.648407] systemd[1]: Set up automount Arbitrary Executable File Formats File System Automount Point.
[[0;32m  OK  [0m] Set up automount Arbitrary Executab...ats File System Automount Point.
[   36.985989] systemd[1]: Reached target Swap.
[[0;32m  OK  [0m] Reached target Swap.
[   37.066582] systemd[1]: Starting Set console keymap...
         Starting Set console keymap...
[   37.198500] systemd[1]: Reached target User and Group Name Lookups.
[[0;32m  OK  [0m] Reached target User and Group Name Lookups.
[   37.373703] systemd[1]: Listening on /dev/initctl Compatibility Named Pipe.
[[0;32m  OK  [0m] Listening on /dev/initctl Compatibility Named Pipe.
[   37.581717] systemd[1]: Starting Load Kernel Modules...
         Starting Load Kernel Modules...
[   37.678398] Loading iSCSI transport class v2.0-870.
[   37.775809] systemd[1]: Started Trigger resolvconf update for networkd DNS.
[[0;32m  OK  [0m] Started Trigger resolvconf u[   37.934471] iscsi: registered transport (tcp)
pdate for networkd DNS.
[   38.022096] systemd[1]: Listening on Journal Audit Socket.
[[0;32m  OK  [0m] Listening on Journal Audit Socket.
[   38.086113] systemd[1]: Starting Nameserver information manager...
[   38.132154] iscsi: registered transport (iser)
         Starting Nameserver information manager...
[   38.156615] systemd[1]: Reached target Encrypted Volumes.
[[0;32m  OK  [0m] Reached target Encrypted Volumes.
[   38.178139] systemd[1]: Listening on Device-mapper event daemon FIFOs.
[[0;32m  OK  [0m] Listening on Device-mapper event daemon FIFOs.
[   38.450088] systemd[1]: Starting Monitoring of LVM2 mirrors, snapshots etc. using dmeventd or progress polling...
         Starting Monitoring of LVM2 mirrors... dmeventd or progress polling...
[   38.790656] systemd[1]: Listening on LVM2 poll daemon socket.
[[0;32m  OK  [0m] Listening on LVM2 poll daemon socket.
[   38.961888] systemd[1]: Mounting Debug File System...
         Mounting Debug File System...
[   39.104228] systemd[1]: Starting Remount Root and Kernel File Systems...
[   39.115823] EXT4-fs (sda1): re-mounted. Opts: (null)
         Starting Remount Root and Kernel File Systems...
[   39.149040] systemd[1]: Starting Uncomplicated firewall...
         Starting Uncomplicated firewall...
[   39.209345] systemd[1]: Listening on Journal Socket (/dev/log).
[[0;32m  OK  [0m] Listening on Journal Socket (/dev/log).
[   39.318568] systemd[1]: Starting Journal Service...
         Starting Journal Service...
[   39.458082] systemd[1]: Created slice system-serial\x2dgetty.slice.
[[0;32m  OK  [0m] Created slice system-serial\x2dgetty.slice.
[   39.675149] systemd[1]: Mounted Debug File System.
[[0;32m  OK  [0m] Mounted Debug File System.
[   39.866201] systemd[1]: Mounted Huge Pages File System.
[[0;32m  OK  [0m] Mounted Huge Pages File System.
[   40.098016] systemd[1]: Mounted POSIX Message Queue File System.
[[0;32m  OK  [0m] Mounted POSIX Message Queue File System.
[   40.286121] systemd[1]: Started Journal Service.
[[0;32m  OK  [0m] Started Journal Service.
[[0;32m  OK  [0m] Started Create list of required sta...ce nodes for the current kernel.
[[0;32m  OK  [0m] Started Set console keymap.
[[0;32m  OK  [0m] Started Load Kernel Modules.
[[0;32m  OK  [0m] Started Remount Root and Kernel File Systems.
[[0;32m  OK  [0m] Started Uncomplicated firewall.
[[0;32m  OK  [0m] Started Nameserver information manager.
[[0;32m  OK  [0m] Started LVM2 metadata daemon.
         Starting udev Coldplug all Devices...
         Starting Initial cloud-init job (pre-networking)...
         Starting Load/Save Random Seed...
         Mounting FUSE Control File System...
         Starting Apply Kernel Variables...
         Starting Create Static Device Nodes in /dev...
         Starting Flush Journal to Persistent Storage...
[[0;32m  OK  [0m] Mounted FUSE Control File System.
[[0;32m  OK  [0m] Started Load/Save Random Seed.
[[0;32m  OK  [0m] Started udev Coldplug all Devices.
[[0;32m  OK  [0m] Started Monitoring of LVM2 mirrors,...ng dmeventd or progress polling.
[[0;32m  OK  [0m] Started Apply Kernel Variables.
[[0;32m  OK  [0m] Started Flush Journal to Persistent Storage.
[[0;32m  OK  [0m] Started Create Static Device Nodes in /dev.
         Starting udev Kernel Device Manager...
[[0;32m  OK  [0m] Started udev Kernel Device Manager.
[[0;32m  OK  [0m] Reached target Local File Systems (Pre).
[[0;32m  OK  [0m] Reached target Local File Systems.
         Starting Create Volatile Files and Directories...
         Starting LSB: AppArmor initialization...
         Starting Tell Plymouth To Write Out Runtime Data...
         Starting Set console font and keymap...
[[0;32m  OK  [0m] Started Dispatch Password Requests to Console Directory Watch.
[[0;32m  OK  [0m] Found device /dev/ttyS0.
[[0;32m  OK  [0m] Started Tell Plymouth To Write Out Runtime Data.
[[0;32m  OK  [0m] Started Create Volatile Files and Directories.
[[0;32m  OK  [0m] Reached target System Time Synchronized.
         Starting Update UTMP about System Boot/Shutdown...
[[0;32m  OK  [0m] Started Set console font and keymap.
[[0;32m  OK  [0m] Created slice system-getty.slice.
[[0;32m  OK  [0m] Started Update UTMP about System Boot/Shutdown.
[[0;32m  OK  [0m] Listening on Load/Save RF Kill Switch Status /dev/rfkill Watch.
[[0;32m  OK  [0m] Started LSB: AppArmor initialization.
[   37.268525] cloud-init[418]: Cloud-init v. 0.7.9 running 'init-local' at Mon, 08 May 2017 21:33:12 +0000. Up 36.42 seconds.
[[0;32m  OK  [0m] Started Initial cloud-init job (pre-networking).
[[0;32m  OK  [0m] Reached target Network (Pre).
         Starting Raise network interfaces...
[[0;32m  OK  [0m] Started ifup for enp0s3.
[[0;32m  OK  [0m] Started Raise network interfaces.
         Starting Initial cloud-init job (metadata service crawler)...
[[0;32m  OK  [0m] Reached target Network.
[   39.199713] cloud-init[942]: Cloud-init v. 0.7.9 running 'init' at Mon, 08 May 2017 21:33:14 +0000. Up 38.42 seconds.
[   39.349222] [cloud-init[0;32m  OK  [0m[942]: ] ci-info: +++++++++++++++++++++++++++++++++++++Net device info++++++++++++++++++++++++++++++++++++++Started Initial cloud-init job (metadata service crawler).

[   39.349762] cloud-init[942]: ci-info: +--------+------+----------------------------+---------------+-------+-------------------+
[   39.680398] [cloud-init[0;32m  OK  [0m[942]: ] ci-info: | Device |  Up  |          Address           |      Mask     | Scope |     Hw-Address    |Reached target System Initialization.

[   39.681093] [cloud-init[0;32m  OK  [0m[942]: ] ci-info: +--------+------+----------------------------+---------------+-------+-------------------+Started Daily Cleanup of Temporary Directories.

[   40.103417] [cloud-init[0;32m  OK  [0m[942]: ] ci-info: | enp0s3 | True |         10.0.2.15          | 255.255.255.0 |   .   | 02:3e:d3:d5:ac:89 |Started ACPI Events Check.

[   40.130678] [cloud-init[0;32m  OK  [0m[942]: ] ci-info: | enp0s3 | True | fe80::3e:d3ff:fed5:ac89/64 |       .       |  link | 02:3e:d3:d5:ac:89 |Reached target Paths.

[   40.279828]          cloud-initStarting LXD - unix socket.[942]: 
ci-info: |   lo   | True |         127.0.0.1          |   255.0.0.0   |   .   |         .         |
[   40.480477] [cloud-init[0;32m  OK  [0m[942]: ] ci-info: |   lo   | True |          ::1/128           |       .       |  host |         .         |Listening on UUID daemon activation socket.

[   40.481052] [cloud-init[0;32m  OK  [0m[942]: ] ci-info: +--------+------+----------------------------+---------------+-------+-------------------+Listening on D-Bus System Message Bus Socket.

[   40.921291] [cloud-init[0;32m  OK  [0m[942]: ] ci-info: +++++++++++++++++++++++++++Route IPv4 info++++++++++++++++++++++++++++Started Daily apt activities.

[[0;32m  OK  [0m] Listening on ACPID Listen Socket.
[[0;32m  OK  [0m] Started Timer to automatically refresh installed snaps.
[   40.921906] cloud-init[942]: ci-info: +-------+-------------+----------+---------------+-----------+-------+
[   41.173912] [cloud-init[0;32m  OK  [0m[942]: ] ci-info: | Route | Destination | Gateway  |    Genmask    | Interface | Flags |Reached target Timers.

         Starting Socket activation for snappy daemon.
[[0;32m  OK  [0m] Reached target Network is Online.
[   41.174662] cloud-init[942]: ci-info: +-------+-------------+----------+---------------+-----------+-------+
[   41.524598]          cloud-initStarting iSCSI initiator daemon (iscsid)...[942]: 
ci-info: |   0   |   0.0.0.0   | 10.0.2.2 |    0.0.0.0    |   enp0s3  |   UG  |
[   41.712704] [cloud-init[0;32m  OK  [0m[942]: ] ci-info: |   1   |   10.0.2.0  | 0.0.0.0  | 255.255.255.0 |   enp0s3  |   U   |Reached target Cloud-config availability.

[   41.713326] cloud-init[942]: ci-info: +-------+-------------+----------+---------------+-----------+-------+
[[0;32m  OK  [0m] Listening on LXD - unix socket.
[[0;32m  OK  [0m] Listening on Socket activation for snappy daemon.
[[0;32m  OK  [0m] Reached target Sockets.
[[0;32m  OK  [0m] Reached target Basic System.
[[0;32m  OK  [0m] Started ACPI event daemon.
[[0;32m  OK  [0m] Started FUSE filesystem for LXC.
         Starting Login Service...
[[0;32m  OK  [0m] Started Regular background program processing daemon.
[[0;32m  OK  [0m] Started Snappy daemon.
         Starting Apply the settings specified in cloud-config...
         Starting OpenBSD Secure Shell server...
         Starting PostgreSQL Cluster 9.5-main...
[[0;32m  OK  [0m] Started D-Bus System Message Bus.
[   44.509017] cloud-init[1011]: Cloud-init v. 0.7.9 running 'modules:config' at Mon, 08 May 2017 21:33:19 +0000. Up 42.97 seconds.
         Starting System Logging Service...
         Starting Daily apt activities...
         Starting Accounts Service...
[[0;32m  OK  [0m] Started Deferred execution scheduler.
         Starting LSB: Record successful boot for GRUB...
         Starting LXD - container startup/shutdown...
         Starting Auto import assertions from block devices...
         Starting LSB: MD monitoring daemon...
         Starting /etc/rc.local Compatibility...
[[0;32m  OK  [0m] Started OpenBSD Secure Shell server.
[[0;32m  OK  [0m] Started iSCSI initiator daemon (iscsid).
[[0;32m  OK  [0m] Started Apply the settings specified in cloud-config.
[[0;32m  OK  [0m] Started Auto import assertions from block devices.
[[0;32m  OK  [0m] Started /etc/rc.local Compatibility.
         Starting Login to default iSCSI targets...
[[0;32m  OK  [0m] Started Login Service.
[[0;32m  OK  [0m] Started LSB: Record successful boot for GRUB.
[[0;32m  OK  [0m] Started Login to default iSCSI targets.
[[0;32m  OK  [0m] Reached target Remote File Systems (Pre).
[[0;32m  OK  [0m] Reached target Remote File Systems.
         Starting Permit User Sessions...
         Starting LSB: automatic crash report generation...
         Starting LSB: daemon to balance interrupts for SMP systems...
         Starting LSB: VirtualBox Linux Additions...
         Starting LSB: Set the CPU Frequency Scaling governor to "ondemand"...
         Starting LSB: Start/stop sysstat's sadc...
[[0;32m  OK  [0m] Started LSB: MD monitoring daemon.
[[0;32m  OK  [0m] Started LSB: Set the CPU Frequency Scaling governor to "ondemand".
[[0;32m  OK  [0m] Started Permit User Sessions.
         Starting Hold until boot process finishes up...
         Starting Terminate Plymouth Boot Screen...
[[0;32m  OK  [0m] Started Hold until boot process finishes up.
[[0;32m  OK  [0m] Started Terminate Plymouth Boot Screen.
         Starting Set console scheme...
[[0;32m  OK  [0m] Started Getty on tty1.
[[0;32m  OK  [0m] Started Serial Getty on ttyS0.
[[0;32m  OK  [0m] Reached target Login Prompts.
[[0;32m  OK  [0m] Started LSB: Start/stop sysstat's sadc.
[[0;32m  OK  [0m] Started Set console scheme.
[[0;32m  OK  [0m] Started System Logging Service.
[[0;32m  OK  [0m] Started LSB: automatic crash report generation.
[[0;32m  OK  [0m] Started LSB: daemon to balance interrupts for SMP systems.
[[0;32m  OK  [0m] Started LSB: VirtualBox Linux Additions.
         Starting Authenticate and Authorize Users to Run Privileged Tasks...
[[0;32m  OK  [0m] Started Authenticate and Authorize Users to Run Privileged Tasks.
[[0;32m  OK  [0m] Started Accounts Service.

Ubuntu 16.04.2 LTS ubuntu-xenial ttyS0

ubuntu-xenial login: [   65.404669] cloud-init[1623]: Cloud-init v. 0.7.9 running 'modules:final' at Mon, 08 May 2017 21:33:41 +0000. Up 65.21 seconds.
[   65.404916] cloud-init[1623]: Cloud-init v. 0.7.9 finished at Mon, 08 May 2017 21:33:41 +0000. Datasource DataSourceNoCloud [seed=/dev/sdb][dsmode=net].  Up 65.39 seconds
